<?xml version="1.0" encoding="UTF-8"?>
<!-- Generated by org.testng.reporters.JUnitReportReporter -->
<testsuite hostname="student-virtual-machine" name="busbooking.AppTest" tests="1" failures="0" timestamp="3 Sep 2016 01:58:31 GMT" time="0.001" errors="0">
  <testcase name="testApp" time="0.001" classname="busbooking.AppTest"/>
</testsuite> <!-- busbooking.AppTest -->
